<?xml version="1.0" encoding="UTF-8"?>
<testng-results ignored="0" total="2" passed="2" failed="0" skipped="0">
  <reporter-output>
  </reporter-output>
  <suite started-at="2024-06-20T12:15:31 SAST" name="Suite" finished-at="2024-06-20T12:15:47 SAST" duration-ms="16614">
    <groups>
      <group name="Purchase">
        <method signature="SubmitOrderTest.submitOrder(java.util.HashMap)[pri:0, instance:AutomationAcademy.SubmitOrderTest@54e7df6a]" name="submitOrder" class="AutomationAcademy.SubmitOrderTest"/>
      </group> <!-- Purchase -->
      <group name="ErrorValadiation">
        <method signature="ErrorValidation.loginErrorValidation()[pri:0, instance:AutomationAcademy.ErrorValidation@47f9738]" name="loginErrorValidation" class="AutomationAcademy.ErrorValidation"/>
      </group> <!-- ErrorValadiation -->
    </groups>
    <test started-at="2024-06-20T12:15:31 SAST" name="Error Validation" finished-at="2024-06-20T12:15:47 SAST" duration-ms="16614">
      <class name="AutomationAcademy.ErrorValidation">
        <test-method is-config="true" signature="launchApplication()[pri:0, instance:AutomationAcademy.ErrorValidation@47f9738]" started-at="2024-06-20T12:15:31 SAST" name="launchApplication" finished-at="2024-06-20T12:15:37 SAST" duration-ms="6454" status="PASS">
          <reporter-output>
          </reporter-output>
        </test-method> <!-- launchApplication -->
        <test-method signature="loginErrorValidation()[pri:0, instance:AutomationAcademy.ErrorValidation@47f9738]" started-at="2024-06-20T12:15:37 SAST" name="loginErrorValidation" finished-at="2024-06-20T12:15:38 SAST" duration-ms="717" status="PASS">
          <reporter-output>
          </reporter-output>
        </test-method> <!-- loginErrorValidation -->
        <test-method is-config="true" signature="tearDown()[pri:0, instance:AutomationAcademy.ErrorValidation@47f9738]" started-at="2024-06-20T12:15:38 SAST" name="tearDown" finished-at="2024-06-20T12:15:38 SAST" duration-ms="124" status="PASS">
          <reporter-output>
          </reporter-output>
        </test-method> <!-- tearDown -->
        <test-method is-config="true" signature="launchApplication()[pri:0, instance:AutomationAcademy.ErrorValidation@47f9738]" started-at="2024-06-20T12:15:38 SAST" name="launchApplication" finished-at="2024-06-20T12:15:43 SAST" duration-ms="5309" status="PASS">
          <reporter-output>
          </reporter-output>
        </test-method> <!-- launchApplication -->
        <test-method signature="productValidation()[pri:0, instance:AutomationAcademy.ErrorValidation@47f9738]" started-at="2024-06-20T12:15:43 SAST" name="productValidation" finished-at="2024-06-20T12:15:47 SAST" duration-ms="3743" status="PASS">
          <reporter-output>
          </reporter-output>
        </test-method> <!-- productValidation -->
        <test-method is-config="true" signature="tearDown()[pri:0, instance:AutomationAcademy.ErrorValidation@47f9738]" started-at="2024-06-20T12:15:47 SAST" name="tearDown" finished-at="2024-06-20T12:15:47 SAST" duration-ms="203" status="PASS">
          <reporter-output>
          </reporter-output>
        </test-method> <!-- tearDown -->
      </class> <!-- AutomationAcademy.ErrorValidation -->
    </test> <!-- Error Validation -->
  </suite> <!-- Suite -->
</testng-results>
